<Administer::Administer(string Version, string _HelpFile): Version (Version), HelpFile (_HelpFile)@@@Administer.cpp>
</Administer::Administer(string Version, string _HelpFile): Version (Version), HelpFile (_HelpFile)@@@Administer.cpp>
<Administer::Administer(string Version, string _HelpFile): Version (Version), HelpFile (_HelpFile)@@@Administer.cpp>
</Administer::Administer(string Version, string _HelpFile): Version (Version), HelpFile (_HelpFile)@@@Administer.cpp>
<CCRHMGUIApp::CCRHMGUIApp()@@@CRHM_GUI.cpp>
</CCRHMGUIApp::CCRHMGUIApp()@@@CRHM_GUI.cpp>
<CCRHMGUIApp::InitInstance()@@@CRHM_GUI.cpp>
<CRHMArguments::CRHMArguments()@@@CRHMArguments.cpp>
</CRHMArguments::CRHMArguments()@@@CRHMArguments.cpp>
<CRHMArguments::get_project_name()@@@CRHMArguments.cpp>
</CRHMArguments::get_project_name()@@@CRHMArguments.cpp>
<CRHMmainDlg::CRHMmainDlg(CWnd * pParent): CDialogEx (CRHMmainDialog, pParent)@@@CRHMmainDlg.cpp>
<CRHMmain::getInstance()@@@CRHMmain.cpp>
<CRHMmain::CRHMmain(CRHMArguments * arguments)@@@CRHMmain.cpp>
<CRHMmain::FormCreate()@@@CRHMmain.cpp>
<MoveModulesToGlobal(string DLLName)@@@NewModules.cpp>
<Administer::AddModule(ClassModule * Module)@@@Administer.cpp>
</Administer::AddModule(ClassModule * Module)@@@Administer.cpp>
<Administer::AddModule(ClassModule * Module)@@@Administer.cpp>
</Administer::AddModule(ClassModule * Module)@@@Administer.cpp>
<Administer::AddModule(ClassModule * Module)@@@Administer.cpp>
</Administer::AddModule(ClassModule * Module)@@@Administer.cpp>
<Administer::AddModule(ClassModule * Module)@@@Administer.cpp>
</Administer::AddModule(ClassModule * Module)@@@Administer.cpp>
<Administer::AddModule(ClassModule * Module)@@@Administer.cpp>
</Administer::AddModule(ClassModule * Module)@@@Administer.cpp>
<Administer::AddModule(ClassModule * Module)@@@Administer.cpp>
</Administer::AddModule(ClassModule * Module)@@@Administer.cpp>
<Administer::AddModule(ClassModule * Module)@@@Administer.cpp>
</Administer::AddModule(ClassModule * Module)@@@Administer.cpp>
<Administer::AddModule(ClassModule * Module)@@@Administer.cpp>
</Administer::AddModule(ClassModule * Module)@@@Administer.cpp>
<Administer::AddModule(ClassModule * Module)@@@Administer.cpp>
</Administer::AddModule(ClassModule * Module)@@@Administer.cpp>
<Administer::AddModule(ClassModule * Module)@@@Administer.cpp>
</Administer::AddModule(ClassModule * Module)@@@Administer.cpp>
<Administer::AddModule(ClassModule * Module)@@@Administer.cpp>
</Administer::AddModule(ClassModule * Module)@@@Administer.cpp>
<Administer::AddModule(ClassModule * Module)@@@Administer.cpp>
</Administer::AddModule(ClassModule * Module)@@@Administer.cpp>
<Administer::AddModule(ClassModule * Module)@@@Administer.cpp>
</Administer::AddModule(ClassModule * Module)@@@Administer.cpp>
<Administer::AddModule(ClassModule * Module)@@@Administer.cpp>
</Administer::AddModule(ClassModule * Module)@@@Administer.cpp>
<Administer::AddModule(ClassModule * Module)@@@Administer.cpp>
</Administer::AddModule(ClassModule * Module)@@@Administer.cpp>
<Administer::AddModule(ClassModule * Module)@@@Administer.cpp>
</Administer::AddModule(ClassModule * Module)@@@Administer.cpp>
<Administer::AddModule(ClassModule * Module)@@@Administer.cpp>
</Administer::AddModule(ClassModule * Module)@@@Administer.cpp>
<Administer::AddModule(ClassModule * Module)@@@Administer.cpp>
</Administer::AddModule(ClassModule * Module)@@@Administer.cpp>
<Administer::AddModule(ClassModule * Module)@@@Administer.cpp>
</Administer::AddModule(ClassModule * Module)@@@Administer.cpp>
<Administer::AddModule(ClassModule * Module)@@@Administer.cpp>
</Administer::AddModule(ClassModule * Module)@@@Administer.cpp>
<Administer::AddModule(ClassModule * Module)@@@Administer.cpp>
</Administer::AddModule(ClassModule * Module)@@@Administer.cpp>
<Administer::AddModule(ClassModule * Module)@@@Administer.cpp>
</Administer::AddModule(ClassModule * Module)@@@Administer.cpp>
<Administer::AddModule(ClassModule * Module)@@@Administer.cpp>
</Administer::AddModule(ClassModule * Module)@@@Administer.cpp>
<Administer::AddModule(ClassModule * Module)@@@Administer.cpp>
</Administer::AddModule(ClassModule * Module)@@@Administer.cpp>
<Administer::AddModule(ClassModule * Module)@@@Administer.cpp>
</Administer::AddModule(ClassModule * Module)@@@Administer.cpp>
<Administer::AddModule(ClassModule * Module)@@@Administer.cpp>
</Administer::AddModule(ClassModule * Module)@@@Administer.cpp>
<Administer::AddModule(ClassModule * Module)@@@Administer.cpp>
</Administer::AddModule(ClassModule * Module)@@@Administer.cpp>
<Administer::AddModule(ClassModule * Module)@@@Administer.cpp>
</Administer::AddModule(ClassModule * Module)@@@Administer.cpp>
<Administer::AddModule(ClassModule * Module)@@@Administer.cpp>
</Administer::AddModule(ClassModule * Module)@@@Administer.cpp>
<Administer::AddModule(ClassModule * Module)@@@Administer.cpp>
</Administer::AddModule(ClassModule * Module)@@@Administer.cpp>
<Administer::AddModule(ClassModule * Module)@@@Administer.cpp>
</Administer::AddModule(ClassModule * Module)@@@Administer.cpp>
<Administer::AddModule(ClassModule * Module)@@@Administer.cpp>
</Administer::AddModule(ClassModule * Module)@@@Administer.cpp>
<Administer::AddModule(ClassModule * Module)@@@Administer.cpp>
</Administer::AddModule(ClassModule * Module)@@@Administer.cpp>
<Administer::AddModule(ClassModule * Module)@@@Administer.cpp>
</Administer::AddModule(ClassModule * Module)@@@Administer.cpp>
<Administer::AddModule(ClassModule * Module)@@@Administer.cpp>
</Administer::AddModule(ClassModule * Module)@@@Administer.cpp>
<Administer::AddModule(ClassModule * Module)@@@Administer.cpp>
</Administer::AddModule(ClassModule * Module)@@@Administer.cpp>
<Administer::AddModule(ClassModule * Module)@@@Administer.cpp>
</Administer::AddModule(ClassModule * Module)@@@Administer.cpp>
<Administer::AddModule(ClassModule * Module)@@@Administer.cpp>
</Administer::AddModule(ClassModule * Module)@@@Administer.cpp>
<Administer::AddModule(ClassModule * Module)@@@Administer.cpp>
</Administer::AddModule(ClassModule * Module)@@@Administer.cpp>
<Administer::AddModule(ClassModule * Module)@@@Administer.cpp>
</Administer::AddModule(ClassModule * Module)@@@Administer.cpp>
<Administer::AddModule(ClassModule * Module)@@@Administer.cpp>
</Administer::AddModule(ClassModule * Module)@@@Administer.cpp>
<Administer::AddModule(ClassModule * Module)@@@Administer.cpp>
</Administer::AddModule(ClassModule * Module)@@@Administer.cpp>
<Administer::AddModule(ClassModule * Module)@@@Administer.cpp>
</Administer::AddModule(ClassModule * Module)@@@Administer.cpp>
<Administer::AddModule(ClassModule * Module)@@@Administer.cpp>
</Administer::AddModule(ClassModule * Module)@@@Administer.cpp>
<Administer::AddModule(ClassModule * Module)@@@Administer.cpp>
</Administer::AddModule(ClassModule * Module)@@@Administer.cpp>
<Administer::AddModule(ClassModule * Module)@@@Administer.cpp>
</Administer::AddModule(ClassModule * Module)@@@Administer.cpp>
<Administer::AddModule(ClassModule * Module)@@@Administer.cpp>
</Administer::AddModule(ClassModule * Module)@@@Administer.cpp>
<Administer::AddModule(ClassModule * Module)@@@Administer.cpp>
</Administer::AddModule(ClassModule * Module)@@@Administer.cpp>
<Administer::AddModule(ClassModule * Module)@@@Administer.cpp>
</Administer::AddModule(ClassModule * Module)@@@Administer.cpp>
<Administer::AddModule(ClassModule * Module)@@@Administer.cpp>
</Administer::AddModule(ClassModule * Module)@@@Administer.cpp>
<Administer::AddModule(ClassModule * Module)@@@Administer.cpp>
</Administer::AddModule(ClassModule * Module)@@@Administer.cpp>
<Administer::AddModule(ClassModule * Module)@@@Administer.cpp>
</Administer::AddModule(ClassModule * Module)@@@Administer.cpp>
<Administer::AddModule(ClassModule * Module)@@@Administer.cpp>
</Administer::AddModule(ClassModule * Module)@@@Administer.cpp>
<Administer::AddModule(ClassModule * Module)@@@Administer.cpp>
</Administer::AddModule(ClassModule * Module)@@@Administer.cpp>
<Administer::AddModule(ClassModule * Module)@@@Administer.cpp>
</Administer::AddModule(ClassModule * Module)@@@Administer.cpp>
<Administer::AddModule(ClassModule * Module)@@@Administer.cpp>
</Administer::AddModule(ClassModule * Module)@@@Administer.cpp>
<Administer::AddModule(ClassModule * Module)@@@Administer.cpp>
</Administer::AddModule(ClassModule * Module)@@@Administer.cpp>
<Administer::AddModule(ClassModule * Module)@@@Administer.cpp>
</Administer::AddModule(ClassModule * Module)@@@Administer.cpp>
<Administer::AddModule(ClassModule * Module)@@@Administer.cpp>
</Administer::AddModule(ClassModule * Module)@@@Administer.cpp>
<Administer::AddModule(ClassModule * Module)@@@Administer.cpp>
</Administer::AddModule(ClassModule * Module)@@@Administer.cpp>
<Administer::AddModule(ClassModule * Module)@@@Administer.cpp>
</Administer::AddModule(ClassModule * Module)@@@Administer.cpp>
<Administer::AddModule(ClassModule * Module)@@@Administer.cpp>
</Administer::AddModule(ClassModule * Module)@@@Administer.cpp>
<Administer::AddModule(ClassModule * Module)@@@Administer.cpp>
</Administer::AddModule(ClassModule * Module)@@@Administer.cpp>
<Administer::AddModule(ClassModule * Module)@@@Administer.cpp>
</Administer::AddModule(ClassModule * Module)@@@Administer.cpp>
<Administer::AddModule(ClassModule * Module)@@@Administer.cpp>
</Administer::AddModule(ClassModule * Module)@@@Administer.cpp>
<Administer::AddModule(ClassModule * Module)@@@Administer.cpp>
</Administer::AddModule(ClassModule * Module)@@@Administer.cpp>
<Administer::AddModule(ClassModule * Module)@@@Administer.cpp>
</Administer::AddModule(ClassModule * Module)@@@Administer.cpp>
<Administer::AddModule(ClassModule * Module)@@@Administer.cpp>
</Administer::AddModule(ClassModule * Module)@@@Administer.cpp>
<Administer::AddModule(ClassModule * Module)@@@Administer.cpp>
</Administer::AddModule(ClassModule * Module)@@@Administer.cpp>
<Administer::AddModule(ClassModule * Module)@@@Administer.cpp>
</Administer::AddModule(ClassModule * Module)@@@Administer.cpp>
<Administer::AddModule(ClassModule * Module)@@@Administer.cpp>
</Administer::AddModule(ClassModule * Module)@@@Administer.cpp>
<Administer::AddModule(ClassModule * Module)@@@Administer.cpp>
</Administer::AddModule(ClassModule * Module)@@@Administer.cpp>
<Administer::AddModule(ClassModule * Module)@@@Administer.cpp>
</Administer::AddModule(ClassModule * Module)@@@Administer.cpp>
<Administer::AddModule(ClassModule * Module)@@@Administer.cpp>
</Administer::AddModule(ClassModule * Module)@@@Administer.cpp>
<Administer::AddModule(ClassModule * Module)@@@Administer.cpp>
</Administer::AddModule(ClassModule * Module)@@@Administer.cpp>
<Administer::AddModule(ClassModule * Module)@@@Administer.cpp>
</Administer::AddModule(ClassModule * Module)@@@Administer.cpp>
<Administer::AddModule(ClassModule * Module)@@@Administer.cpp>
</Administer::AddModule(ClassModule * Module)@@@Administer.cpp>
<Administer::AddModule(ClassModule * Module)@@@Administer.cpp>
</Administer::AddModule(ClassModule * Module)@@@Administer.cpp>
<Administer::AddModule(ClassModule * Module)@@@Administer.cpp>
</Administer::AddModule(ClassModule * Module)@@@Administer.cpp>
<Administer::AddModule(ClassModule * Module)@@@Administer.cpp>
</Administer::AddModule(ClassModule * Module)@@@Administer.cpp>
<Administer::AddModule(ClassModule * Module)@@@Administer.cpp>
</Administer::AddModule(ClassModule * Module)@@@Administer.cpp>
<Administer::AddModule(ClassModule * Module)@@@Administer.cpp>
</Administer::AddModule(ClassModule * Module)@@@Administer.cpp>
<Administer::AddModule(ClassModule * Module)@@@Administer.cpp>
</Administer::AddModule(ClassModule * Module)@@@Administer.cpp>
<Administer::AddModule(ClassModule * Module)@@@Administer.cpp>
</Administer::AddModule(ClassModule * Module)@@@Administer.cpp>
<Administer::AddModule(ClassModule * Module)@@@Administer.cpp>
</Administer::AddModule(ClassModule * Module)@@@Administer.cpp>
<Administer::AddModule(ClassModule * Module)@@@Administer.cpp>
</Administer::AddModule(ClassModule * Module)@@@Administer.cpp>
<Administer::AddModule(ClassModule * Module)@@@Administer.cpp>
</Administer::AddModule(ClassModule * Module)@@@Administer.cpp>
<Administer::AddModule(ClassModule * Module)@@@Administer.cpp>
</Administer::AddModule(ClassModule * Module)@@@Administer.cpp>
<Administer::AddModule(ClassModule * Module)@@@Administer.cpp>
</Administer::AddModule(ClassModule * Module)@@@Administer.cpp>
<Administer::AddModule(ClassModule * Module)@@@Administer.cpp>
</Administer::AddModule(ClassModule * Module)@@@Administer.cpp>
<Administer::AddModule(ClassModule * Module)@@@Administer.cpp>
</Administer::AddModule(ClassModule * Module)@@@Administer.cpp>
<Administer::AddModule(ClassModule * Module)@@@Administer.cpp>
</Administer::AddModule(ClassModule * Module)@@@Administer.cpp>
<Administer::AddModule(ClassModule * Module)@@@Administer.cpp>
</Administer::AddModule(ClassModule * Module)@@@Administer.cpp>
<Administer::AddModule(ClassModule * Module)@@@Administer.cpp>
</Administer::AddModule(ClassModule * Module)@@@Administer.cpp>
<Administer::AddModule(ClassModule * Module)@@@Administer.cpp>
</Administer::AddModule(ClassModule * Module)@@@Administer.cpp>
<Administer::AddModule(ClassModule * Module)@@@Administer.cpp>
</Administer::AddModule(ClassModule * Module)@@@Administer.cpp>
<Administer::AddModule(ClassModule * Module)@@@Administer.cpp>
</Administer::AddModule(ClassModule * Module)@@@Administer.cpp>
<Administer::AddModule(ClassModule * Module)@@@Administer.cpp>
</Administer::AddModule(ClassModule * Module)@@@Administer.cpp>
<Administer::AddModule(ClassModule * Module)@@@Administer.cpp>
</Administer::AddModule(ClassModule * Module)@@@Administer.cpp>
<Administer::AddModule(ClassModule * Module)@@@Administer.cpp>
</Administer::AddModule(ClassModule * Module)@@@Administer.cpp>
<Administer::AddModule(ClassModule * Module)@@@Administer.cpp>
</Administer::AddModule(ClassModule * Module)@@@Administer.cpp>
<Administer::AddModule(ClassModule * Module)@@@Administer.cpp>
</Administer::AddModule(ClassModule * Module)@@@Administer.cpp>
<Administer::AddModule(ClassModule * Module)@@@Administer.cpp>
</Administer::AddModule(ClassModule * Module)@@@Administer.cpp>
<Administer::AddModel(string ModelName, string ModelModules)@@@Administer.cpp>
</Administer::AddModel(string ModelName, string ModelModules)@@@Administer.cpp>
<Administer::AddModel(string ModelName, string ModelModules)@@@Administer.cpp>
</Administer::AddModel(string ModelName, string ModelModules)@@@Administer.cpp>
<Administer::AddModel(string ModelName, string ModelModules)@@@Administer.cpp>
</Administer::AddModel(string ModelName, string ModelModules)@@@Administer.cpp>
<Administer::AddModel(string ModelName, string ModelModules)@@@Administer.cpp>
</Administer::AddModel(string ModelName, string ModelModules)@@@Administer.cpp>
<Administer::AddModel(string ModelName, string ModelModules)@@@Administer.cpp>
</Administer::AddModel(string ModelName, string ModelModules)@@@Administer.cpp>
<Administer::AddModel(string ModelName, string ModelModules)@@@Administer.cpp>
</Administer::AddModel(string ModelName, string ModelModules)@@@Administer.cpp>
<Administer::AddModel(string ModelName, string ModelModules)@@@Administer.cpp>
</Administer::AddModel(string ModelName, string ModelModules)@@@Administer.cpp>
<Administer::AddModel(string ModelName, string ModelModules)@@@Administer.cpp>
</Administer::AddModel(string ModelName, string ModelModules)@@@Administer.cpp>
<Administer::AddModel(string ModelName, string ModelModules)@@@Administer.cpp>
</Administer::AddModel(string ModelName, string ModelModules)@@@Administer.cpp>
<Administer::AddModel(string ModelName, string ModelModules)@@@Administer.cpp>
</Administer::AddModel(string ModelName, string ModelModules)@@@Administer.cpp>
<Administer::AddModel(string ModelName, string ModelModules)@@@Administer.cpp>
</Administer::AddModel(string ModelName, string ModelModules)@@@Administer.cpp>
<Administer::LoadCRHM(string DllName)@@@Administer.cpp>
</Administer::LoadCRHM(string DllName)@@@Administer.cpp>
</MoveModulesToGlobal(string DLLName)@@@NewModules.cpp>
<Administer::Accept(int Result)@@@Administer.cpp>
</Administer::Accept(int Result)@@@Administer.cpp>
</CRHMmain::FormCreate()@@@CRHMmain.cpp>
</CRHMmain::CRHMmain(CRHMArguments * arguments)@@@CRHMmain.cpp>
</CRHMmain::getInstance()@@@CRHMmain.cpp>
</CRHMmainDlg::CRHMmainDlg(CWnd * pParent): CDialogEx (CRHMmainDialog, pParent)@@@CRHMmainDlg.cpp>
<CRHMmainDlg::OnInitDialog()@@@CRHMmainDlg.cpp>
<CRHMmainDlg::DoDataExchange(CDataExchange * pDX)@@@CRHMmainDlg.cpp>
<RightClickListBox::setMessageCode(UINT code)@@@RightClickListBox.cpp>
</RightClickListBox::setMessageCode(UINT code)@@@RightClickListBox.cpp>
<RightClickListBox::setMessageCode(UINT code)@@@RightClickListBox.cpp>
</RightClickListBox::setMessageCode(UINT code)@@@RightClickListBox.cpp>
<RightClickListBox::setMessageCode(UINT code)@@@RightClickListBox.cpp>
</RightClickListBox::setMessageCode(UINT code)@@@RightClickListBox.cpp>
<RightClickListBox::setMessageCode(UINT code)@@@RightClickListBox.cpp>
</RightClickListBox::setMessageCode(UINT code)@@@RightClickListBox.cpp>
<ChiralClickButton::setMessageCodeLeft(UINT code)@@@ChiralClickButton.cpp>
</ChiralClickButton::setMessageCodeLeft(UINT code)@@@ChiralClickButton.cpp>
<ChiralClickButton::setMessageCodeRight(UINT code)@@@ChiralClickButton.cpp>
</ChiralClickButton::setMessageCodeRight(UINT code)@@@ChiralClickButton.cpp>
</CRHMmainDlg::DoDataExchange(CDataExchange * pDX)@@@CRHMmainDlg.cpp>
<CRHMmainDlg::loadGuiComponents()@@@CRHMmainDlg.cpp>
<CRHMmain::getInstance()@@@CRHMmain.cpp>
</CRHMmain::getInstance()@@@CRHMmain.cpp>
<CRHMmain::getInstance()@@@CRHMmain.cpp>
</CRHMmain::getInstance()@@@CRHMmain.cpp>
<CRHMmain::getVariables()@@@CRHMmain.cpp>
</CRHMmain::getVariables()@@@CRHMmain.cpp>
<CRHMmain::getInstance()@@@CRHMmain.cpp>
</CRHMmain::getInstance()@@@CRHMmain.cpp>
<CRHMmain::getObservations()@@@CRHMmain.cpp>
</CRHMmain::getObservations()@@@CRHMmain.cpp>
<CRHMmain::getInstance()@@@CRHMmain.cpp>
</CRHMmain::getInstance()@@@CRHMmain.cpp>
<CRHMmain::getSelectedVariables()@@@CRHMmain.cpp>
</CRHMmain::getSelectedVariables()@@@CRHMmain.cpp>
<CRHMmain::getInstance()@@@CRHMmain.cpp>
</CRHMmain::getInstance()@@@CRHMmain.cpp>
<CRHMmain::getSelectedObservations()@@@CRHMmain.cpp>
</CRHMmain::getSelectedObservations()@@@CRHMmain.cpp>
<CRHMmain::getInstance()@@@CRHMmain.cpp>
</CRHMmain::getInstance()@@@CRHMmain.cpp>
<CRHMmain::GetEndDate()@@@CRHMmain.cpp>
</CRHMmain::GetEndDate()@@@CRHMmain.cpp>
<CRHMmain::GetStartDate()@@@CRHMmain.cpp>
</CRHMmain::GetStartDate()@@@CRHMmain.cpp>
<CRHMmainDlg::SetTime(double startDate, double endDate)@@@CRHMmainDlg.cpp>
</CRHMmainDlg::SetTime(double startDate, double endDate)@@@CRHMmainDlg.cpp>
<CRHMmain::getAutoRun()@@@CRHMmain.cpp>
</CRHMmain::getAutoRun()@@@CRHMmain.cpp>
<CRHMmain::getAutoExit()@@@CRHMmain.cpp>
</CRHMmain::getAutoExit()@@@CRHMmain.cpp>
<CRHMmain::getReportAll()@@@CRHMmain.cpp>
</CRHMmain::getReportAll()@@@CRHMmain.cpp>
<CRHMmain::getAutoRun()@@@CRHMmain.cpp>
</CRHMmain::getAutoRun()@@@CRHMmain.cpp>
</CRHMmainDlg::loadGuiComponents()@@@CRHMmainDlg.cpp>
</CRHMmainDlg::OnInitDialog()@@@CRHMmainDlg.cpp>
<CRHMmainDlg::~CRHMmainDlg()@@@CRHMmainDlg.cpp>
</CRHMmainDlg::~CRHMmainDlg()@@@CRHMmainDlg.cpp>
</CCRHMGUIApp::InitInstance()@@@CRHM_GUI.cpp>
<CCRHMGUIApp::ExitInstance()@@@CRHM_GUI.cpp>
</CCRHMGUIApp::ExitInstance()@@@CRHM_GUI.cpp>
<Administer::~Administer()@@@Administer.cpp>
</Administer::~Administer()@@@Administer.cpp>
<Administer::~Administer()@@@Administer.cpp>
</Administer::~Administer()@@@Administer.cpp>
